<?xml version="1.0" encoding="UTF-8"?>
<!-- Generated by org.testng.reporters.JUnitXMLReporter -->
<testsuite hostname="Ashwani_Singh" name="Test" tests="3" failures="0" timestamp="29 Nov 2022 11:54:23 GMT" time="155.324" errors="0">
  <testcase name="Login" time="0.264" classname="Com.ZomatoTest.TestCase2"/>
  <testcase name="searchProduct" time="27.57" classname="Com.ZomatoTest.TestCase1"/>
  <testcase name="selectVegOption" time="34.795" classname="Com.ZomatoTest.TestCase1"/>
</testsuite> <!-- Test -->
