<?xml version="1.0" encoding="UTF-8"?>
<!-- Generated by org.testng.reporters.JUnitXMLReporter -->
<testsuite hostname="Ashwani_Singh" name="Command line test" tests="3" failures="0" timestamp="5 Dec 2022 12:34:24 GMT" time="89.305" errors="0">
  <testcase name="searchProduct" time="0.0" classname="Com.ZomatoTest.TestCase1">
    <skipped/>
  </testcase> <!-- searchProduct -->
  <testcase name="selectVegOption" time="23.17" classname="Com.ZomatoTest.TestCase2"/>
  <testcase name="selectVegOption" time="37.055" classname="Com.ZomatoTest.TestCase2"/>
</testsuite> <!-- Command line test -->
