<?xml version="1.0" encoding="UTF-8"?>
<testng-results skipped="0" failed="1" total="3" passed="2">
  <reporter-output>
  </reporter-output>
  <suite name="Command line suite" duration-ms="89305" started-at="2022-12-05T12:32:54Z" finished-at="2022-12-05T12:34:24Z">
    <groups>
      <group name="SmokeTest">
        <method signature="TestCase1.searchProduct(java.lang.String)[pri:0, instance:Com.ZomatoTest.TestCase1@5bfa9431]" name="searchProduct" class="Com.ZomatoTest.TestCase1"/>
      </group> <!-- SmokeTest -->
    </groups>
    <test name="Command line test" duration-ms="89305" started-at="2022-12-05T12:32:54Z" finished-at="2022-12-05T12:34:24Z">
      <class name="Com.ZomatoTest.TestCase1">
        <test-method status="FAIL" signature="searchProduct(java.lang.String)[pri:0, instance:Com.ZomatoTest.TestCase1@5bfa9431]" name="searchProduct" duration-ms="0" started-at="2022-12-05T18:02:54Z" finished-at="2022-12-05T18:02:54Z">
          <exception class="org.testng.TestNGException">
            <message>
              <![CDATA[
Parameter 'Food' is required by @Test on method searchProduct but has not been marked @Optional or defined
]]>
            </message>
            <full-stacktrace>
              <![CDATA[org.testng.TestNGException: 
Parameter 'Food' is required by @Test on method searchProduct but has not been marked @Optional or defined

	at org.testng.internal.Parameters.createParameters(Parameters.java:155)
	at org.testng.internal.Parameters.createParameters(Parameters.java:355)
	at org.testng.internal.Parameters.handleParameters(Parameters.java:447)
	at org.testng.internal.Invoker.handleParameters(Invoker.java:1383)
	at org.testng.internal.Invoker.createParameters(Invoker.java:1075)
	at org.testng.internal.Invoker.invokeTestMethods(Invoker.java:1180)
	at org.testng.internal.TestMethodWorker.invokeTestMethods(TestMethodWorker.java:127)
	at org.testng.internal.TestMethodWorker.run(TestMethodWorker.java:111)
	at org.testng.TestRunner.privateRun(TestRunner.java:767)
	at org.testng.TestRunner.run(TestRunner.java:617)
	at org.testng.SuiteRunner.runTest(SuiteRunner.java:334)
	at org.testng.SuiteRunner.runSequentially(SuiteRunner.java:329)
	at org.testng.SuiteRunner.privateRun(SuiteRunner.java:291)
	at org.testng.SuiteRunner.run(SuiteRunner.java:240)
	at org.testng.SuiteRunnerWorker.runSuite(SuiteRunnerWorker.java:52)
	at org.testng.SuiteRunnerWorker.run(SuiteRunnerWorker.java:86)
	at org.testng.TestNG.runSuitesSequentially(TestNG.java:1198)
	at org.testng.TestNG.runSuitesLocally(TestNG.java:1123)
	at org.testng.TestNG.run(TestNG.java:1031)
	at org.apache.maven.surefire.testng.TestNGExecutor.run(TestNGExecutor.java:77)
	at org.apache.maven.surefire.testng.TestNGDirectoryTestSuite.executeMulti(TestNGDirectoryTestSuite.java:159)
	at org.apache.maven.surefire.testng.TestNGDirectoryTestSuite.execute(TestNGDirectoryTestSuite.java:99)
	at org.apache.maven.surefire.testng.TestNGProvider.invoke(TestNGProvider.java:106)
	at sun.reflect.NativeMethodAccessorImpl.invoke0(Native Method)
	at sun.reflect.NativeMethodAccessorImpl.invoke(NativeMethodAccessorImpl.java:62)
	at sun.reflect.DelegatingMethodAccessorImpl.invoke(DelegatingMethodAccessorImpl.java:43)
	at java.lang.reflect.Method.invoke(Method.java:483)
	at org.apache.maven.surefire.util.ReflectionUtils.invokeMethodWithArray(ReflectionUtils.java:189)
	at org.apache.maven.surefire.booter.ProviderFactory$ProviderProxy.invoke(ProviderFactory.java:165)
	at org.apache.maven.surefire.booter.ProviderFactory.invokeProvider(ProviderFactory.java:85)
	at org.apache.maven.surefire.booter.ForkedBooter.runSuitesInProcess(ForkedBooter.java:115)
	at org.apache.maven.surefire.booter.ForkedBooter.main(ForkedBooter.java:75)
]]>
            </full-stacktrace>
          </exception> <!-- org.testng.TestNGException -->
          <reporter-output>
          </reporter-output>
        </test-method> <!-- searchProduct -->
      </class> <!-- Com.ZomatoTest.TestCase1 -->
      <class name="Com.ZomatoTest.TestCase2">
        <test-method status="PASS" signature="OpenBroweser()[pri:0, instance:Com.ZomatoTest.TestCase2@4c1d9d4b]" name="OpenBroweser" is-config="true" duration-ms="13973" started-at="2022-12-05T18:02:55Z" finished-at="2022-12-05T18:03:09Z">
          <reporter-output>
          </reporter-output>
        </test-method> <!-- OpenBroweser -->
        <test-method status="PASS" signature="selectVegOption(java.util.HashMap)[pri:0, instance:Com.ZomatoTest.TestCase2@4c1d9d4b]" name="selectVegOption" duration-ms="23170" started-at="2022-12-05T18:03:09Z" data-provider="getJasonData" finished-at="2022-12-05T18:03:32Z">
          <params>
            <param index="0">
              <value>
                <![CDATA[{Restro_Name=Biryani By Kilo, Food=Biryani}]]>
              </value>
            </param>
          </params>
          <reporter-output>
          </reporter-output>
        </test-method> <!-- selectVegOption -->
        <test-method status="PASS" signature="OpenBroweser()[pri:0, instance:Com.ZomatoTest.TestCase2@4c1d9d4b]" name="OpenBroweser" is-config="true" duration-ms="14811" started-at="2022-12-05T18:03:32Z" finished-at="2022-12-05T18:03:47Z">
          <reporter-output>
          </reporter-output>
        </test-method> <!-- OpenBroweser -->
        <test-method status="PASS" signature="selectVegOption(java.util.HashMap)[pri:0, instance:Com.ZomatoTest.TestCase2@4c1d9d4b]" name="selectVegOption" duration-ms="37055" started-at="2022-12-05T18:03:47Z" data-provider="getJasonData" finished-at="2022-12-05T18:04:24Z">
          <params>
            <param index="0">
              <value>
                <![CDATA[{Restro_Name=Nazeer Restaurant, Food=Biryani}]]>
              </value>
            </param>
          </params>
          <reporter-output>
          </reporter-output>
        </test-method> <!-- selectVegOption -->
      </class> <!-- Com.ZomatoTest.TestCase2 -->
    </test> <!-- Command line test -->
  </suite> <!-- Command line suite -->
</testng-results>
