<?xml version="1.0" encoding="UTF-8"?>
<testng-results skipped="0" failed="0" total="1" passed="1">
  <reporter-output>
  </reporter-output>
  <suite name="Suite" duration-ms="45653" started-at="2022-12-05T11:11:32Z" finished-at="2022-12-05T11:12:17Z">
    <groups>
      <group name="SmokeTest">
        <method signature="TestCase1.searchProduct(java.lang.String)[pri:0, instance:Com.ZomatoTest.TestCase1@143640d5]" name="searchProduct" class="Com.ZomatoTest.TestCase1"/>
      </group> <!-- SmokeTest -->
    </groups>
    <test name="Test1" duration-ms="45653" started-at="2022-12-05T11:11:32Z" finished-at="2022-12-05T11:12:17Z">
      <class name="Com.ZomatoTest.TestCase1">
        <test-method status="PASS" signature="OpenBroweser()[pri:0, instance:Com.ZomatoTest.TestCase1@143640d5]" name="OpenBroweser" is-config="true" duration-ms="26747" started-at="2022-12-05T16:41:32Z" finished-at="2022-12-05T16:41:58Z">
          <reporter-output>
          </reporter-output>
        </test-method> <!-- OpenBroweser -->
        <test-method status="PASS" signature="searchProduct(java.lang.String)[pri:0, instance:Com.ZomatoTest.TestCase1@143640d5]" name="searchProduct" duration-ms="17435" started-at="2022-12-05T16:41:58Z" finished-at="2022-12-05T16:42:16Z">
          <params>
            <param index="0">
              <value>
                <![CDATA[Biryani]]>
              </value>
            </param>
          </params>
          <reporter-output>
          </reporter-output>
        </test-method> <!-- searchProduct -->
      </class> <!-- Com.ZomatoTest.TestCase1 -->
    </test> <!-- Test1 -->
  </suite> <!-- Suite -->
</testng-results>
